<?xml version="1.0" encoding="UTF-8"?>
<!-- Generated by org.testng.reporters.JUnitReportReporter -->
<testsuite hostname="PraveenSM-LP172" failures="0" tests="2" name="testRunner.RunnerClass" time="158.661" errors="0" timestamp="2025-01-07T16:21:15 IST" skipped="0">
  <testcase classname="testRunner.RunnerClass" name="singleUser" time="76.368"/>
  <system-out/>
  <testcase classname="testRunner.RunnerClass" name="groupUser" time="82.293"/>
  <system-out/>
</testsuite> <!-- testRunner.RunnerClass -->
